<?xml version="1.0" encoding="UTF-8"?>
<!-- Generated by org.testng.reporters.JUnitReportReporter -->
<testsuite hostname="DESKTOP-1BNCDKD" failures="0" tests="1" name="com.buggycarsrating.testCases.TC_01_Register" time="2.078" errors="0" timestamp="2022-08-16T16:32:42 NZST" skipped="0">
  <testcase classname="com.buggycarsrating.testCases.TC_01_Register" name="Register_Test" time="2.078"/>
  <system-out/>
</testsuite> <!-- com.buggycarsrating.testCases.TC_01_Register -->
