<?xml version="1.0" encoding="UTF-8"?>
<!-- Generated by org.testng.reporters.JUnitReportReporter -->
<testsuite hostname="DESKTOP-1BNCDKD" failures="0" tests="1" name="com.buggycarsrating.testCases.TC_02_Login" time="1.507" errors="0" timestamp="2022-08-16T16:32:42 NZST" skipped="0">
  <testcase classname="com.buggycarsrating.testCases.TC_02_Login" name="Login_Test" time="1.507"/>
  <system-out/>
</testsuite> <!-- com.buggycarsrating.testCases.TC_02_Login -->
